{
  "RSpec": {
    "coverage": {
      "/Users/jdliss/turing/4module/projects/idea-box/app/helpers/application_helper.rb": [
        1,
        null
      ],
      "/Users/jdliss/turing/4module/projects/idea-box/app/models/idea.rb": [
        1,
        1,
        null,
        1,
        null,
        null,
        null,
        null,
        null,
        1,
        1,
        1,
        1,
        1,
        null,
        null,
        1,
        1,
        1,
        1,
        1,
        null,
        null,
        1,
        null,
        1,
        null,
        null,
        null,
        null,
        1,
        null,
        null,
        1,
        null,
        null,
        null,
        null,
        1,
        null,
        null
      ],
      "/Users/jdliss/turing/4module/projects/idea-box/app/controllers/ideas_controller.rb": [
        1,
        1,
        3,
        null,
        null
      ],
      "/Users/jdliss/turing/4module/projects/idea-box/app/controllers/application_controller.rb": [
        1,
        null,
        null,
        1,
        null
      ],
      "/Users/jdliss/turing/4module/projects/idea-box/app/controllers/api/v1/ideas_controller.rb": [
        1,
        1,
        3,
        null,
        3,
        3,
        null,
        0,
        null,
        null,
        null,
        1,
        0,
        0,
        0,
        0,
        null,
        null,
        1,
        1,
        null,
        null,
        1,
        null,
        1,
        3,
        null,
        null
      ],
      "/Users/jdliss/turing/4module/projects/idea-box/app/controllers/api_controller.rb": [
        1,
        1,
        1,
        null
      ],
      "/Users/jdliss/turing/4module/projects/idea-box/app/controllers/api/v1/upvotes_controller.rb": [
        1,
        1,
        1,
        null,
        null
      ],
      "/Users/jdliss/turing/4module/projects/idea-box/app/controllers/api/v1/downvotes_controller.rb": [
        1,
        1,
        1,
        null,
        null
      ]
    },
    "timestamp": 1467241935
  }
}
